2023-12-14 20:37:25,015 INFO [main] c.s.ms.application.Application [StartupInfoLogger.java : 55] Starting Application using Java 1.8.0_391 on MacBook-Air with PID 2634 (/Users/dhtian/Downloads/ms2/ms2/server/target/classes started by dhtian in /Users/dhtian/Downloads/ms2/ms2/server)
2023-12-14 20:37:25,017 INFO [main] c.s.ms.application.Application [SpringApplication.java : 637] The following 1 profile is active: "dev"
2023-12-14 20:37:25,514 INFO [main] o.s.cloud.context.scope.GenericScope [GenericScope.java : 283] BeanFactory id=353552ac-c9f8-3ee5-9182-87958a0dc902
2023-12-14 20:37:25,753 WARN [main] io.undertow.websockets.jsr [Bootstrap.java : 68] UT026010: Buffer pool was not set on WebSocketDeploymentInfo, the default pool will be used
2023-12-14 20:37:25,761 INFO [main] io.undertow.servlet [ServletContextImpl.java : 388] Initializing Spring embedded WebApplicationContext
2023-12-14 20:37:25,762 INFO [main] o.s.b.w.s.c.ServletWebServerApplicationContext [ServletWebServerApplicationContext.java : 292] Root WebApplicationContext: initialization completed in 722 ms
2023-12-14 20:37:26,312 INFO [main] o.s.s.web.DefaultSecurityFilterChain [DefaultSecurityFilterChain.java : 55] Will secure any request with [org.springframework.security.web.session.DisableEncodeUrlFilter@78da899f, org.springframework.security.web.context.request.async.WebAsyncManagerIntegrationFilter@e7b265e, org.springframework.security.web.context.SecurityContextPersistenceFilter@e3b0369, org.springframework.security.web.header.HeaderWriterFilter@3730f716, org.springframework.security.web.authentication.logout.LogoutFilter@3a7b2e2, com.sinosoft.ms.application.security.filter.AuthFilter@51da32e5, com.sinosoft.ms.application.security.filter.JwtFilter@33d60b7e, org.springframework.security.web.savedrequest.RequestCacheAwareFilter@72443081, org.springframework.security.web.servletapi.SecurityContextHolderAwareRequestFilter@373052b5, org.springframework.security.web.authentication.AnonymousAuthenticationFilter@1fecfaea, org.springframework.security.web.session.SessionManagementFilter@66f5a02e, org.springframework.security.web.access.ExceptionTranslationFilter@6579cdbb, org.springframework.security.web.access.intercept.FilterSecurityInterceptor@122635ef]
2023-12-14 20:37:26,704 INFO [main] o.s.b.a.e.web.EndpointLinksResolver [EndpointLinksResolver.java : 58] Exposing 1 endpoint(s) beneath base path '/actuator'
2023-12-14 20:37:26,760 INFO [main] io.undertow [Undertow.java : 120] starting server: Undertow - 2.2.23.Final
2023-12-14 20:37:26,763 INFO [main] org.xnio [Xnio.java : 95] XNIO version 3.8.7.Final
2023-12-14 20:37:26,765 INFO [main] org.xnio.nio [NioXnio.java : 58] XNIO NIO Implementation Version 3.8.7.Final
2023-12-14 20:37:26,780 INFO [main] org.jboss.threads [Version.java : 52] JBoss Threads version 3.1.0.Final
2023-12-14 20:37:26,807 INFO [main] o.s.b.w.e.undertow.UndertowWebServer [UndertowWebServer.java : 119] Undertow started on port(s) 8081 (http) with context path '/ms'
2023-12-14 20:37:26,818 INFO [main] c.s.ms.application.Application [StartupInfoLogger.java : 61] Started Application in 1.98 seconds (JVM running for 2.488)
2023-12-14 20:37:27,191 INFO [RMI TCP Connection(2)-192.168.31.126] io.undertow.servlet [ServletContextImpl.java : 388] Initializing Spring DispatcherServlet 'dispatcherServlet'
2023-12-14 20:37:27,191 INFO [RMI TCP Connection(2)-192.168.31.126] o.s.web.servlet.DispatcherServlet [FrameworkServlet.java : 525] Initializing Servlet 'dispatcherServlet'
2023-12-14 20:37:27,191 INFO [RMI TCP Connection(1)-192.168.31.126] com.zaxxer.hikari.HikariDataSource [HikariDataSource.java : 110] HikariPool-1 - Starting...
2023-12-14 20:37:27,193 INFO [RMI TCP Connection(2)-192.168.31.126] o.s.web.servlet.DispatcherServlet [FrameworkServlet.java : 547] Completed initialization in 1 ms
2023-12-14 20:37:27,193 WARN [RMI TCP Connection(1)-192.168.31.126] c.z.hikari.util.DriverDataSource [DriverDataSource.java : 70] Registered driver with driverClassName=com.mysql.jdbc.Driver was not found, trying direct instantiation.
2023-12-14 20:37:27,262 INFO [RMI TCP Connection(1)-192.168.31.126] com.zaxxer.hikari.HikariDataSource [HikariDataSource.java : 123] HikariPool-1 - Start completed.
2023-12-14 20:40:11,762 ERROR [XNIO-1 task-1] io.undertow.request [LoggingExceptionHandler.java : 80] UT005023: Exception handling request to /ms/login
org.springframework.jdbc.BadSqlGrammarException: 
### Error querying database.  Cause: java.sql.SQLSyntaxErrorException: You have an error in your SQL syntax; check the manual that corresponds to your MySQL server version for the right syntax to use near '' at line 1
### The error may exist in com/sinosoft/ms/application/dao/UserMapper.java (best guess)
### The error may involve com.sinosoft.ms.application.dao.UserMapper.selectByJobNum-Inline
### The error occurred while setting parameters
### SQL: select * from user where job_num = #{jobNum and deleted != 1
### Cause: java.sql.SQLSyntaxErrorException: You have an error in your SQL syntax; check the manual that corresponds to your MySQL server version for the right syntax to use near '' at line 1
; bad SQL grammar []; nested exception is java.sql.SQLSyntaxErrorException: You have an error in your SQL syntax; check the manual that corresponds to your MySQL server version for the right syntax to use near '' at line 1
	at org.springframework.jdbc.support.SQLErrorCodeSQLExceptionTranslator.doTranslate(SQLErrorCodeSQLExceptionTranslator.java:239)
	at org.springframework.jdbc.support.AbstractFallbackSQLExceptionTranslator.translate(AbstractFallbackSQLExceptionTranslator.java:70)
	at org.mybatis.spring.MyBatisExceptionTranslator.translateExceptionIfPossible(MyBatisExceptionTranslator.java:73)
	at org.mybatis.spring.SqlSessionTemplate$SqlSessionInterceptor.invoke(SqlSessionTemplate.java:446)
	at com.sun.proxy.$Proxy105.selectOne(Unknown Source)
	at org.mybatis.spring.SqlSessionTemplate.selectOne(SqlSessionTemplate.java:166)
	at com.baomidou.mybatisplus.core.override.MybatisMapperMethod.execute(MybatisMapperMethod.java:90)
	at com.baomidou.mybatisplus.core.override.MybatisMapperProxy$PlainMethodInvoker.invoke(MybatisMapperProxy.java:148)
	at com.baomidou.mybatisplus.core.override.MybatisMapperProxy.invoke(MybatisMapperProxy.java:89)
	at com.sun.proxy.$Proxy115.selectByJobNum(Unknown Source)
	at sun.reflect.NativeMethodAccessorImpl.invoke0(Native Method)
	at sun.reflect.NativeMethodAccessorImpl.invoke(NativeMethodAccessorImpl.java:62)
	at sun.reflect.DelegatingMethodAccessorImpl.invoke(DelegatingMethodAccessorImpl.java:43)
	at java.lang.reflect.Method.invoke(Method.java:498)
	at org.springframework.aop.support.AopUtils.invokeJoinpointUsingReflection(AopUtils.java:344)
	at org.springframework.aop.framework.ReflectiveMethodInvocation.invokeJoinpoint(ReflectiveMethodInvocation.java:198)
	at org.springframework.aop.framework.ReflectiveMethodInvocation.proceed(ReflectiveMethodInvocation.java:163)
	at org.springframework.dao.support.PersistenceExceptionTranslationInterceptor.invoke(PersistenceExceptionTranslationInterceptor.java:137)
	at org.springframework.aop.framework.ReflectiveMethodInvocation.proceed(ReflectiveMethodInvocation.java:186)
	at org.springframework.aop.framework.JdkDynamicAopProxy.invoke(JdkDynamicAopProxy.java:220)
	at com.sun.proxy.$Proxy116.selectByJobNum(Unknown Source)
	at com.sinosoft.ms.application.security.ValidateAuthenticationProvider.authenticate(ValidateAuthenticationProvider.java:34)
	at org.springframework.security.authentication.ProviderManager.authenticate(ProviderManager.java:182)
	at com.sinosoft.ms.application.security.filter.AuthFilter.attemptAuthentication(AuthFilter.java:63)
	at org.springframework.security.web.authentication.AbstractAuthenticationProcessingFilter.doFilter(AbstractAuthenticationProcessingFilter.java:227)
	at org.springframework.security.web.authentication.AbstractAuthenticationProcessingFilter.doFilter(AbstractAuthenticationProcessingFilter.java:217)
	at org.springframework.security.web.FilterChainProxy$VirtualFilterChain.doFilter(FilterChainProxy.java:346)
	at org.springframework.security.web.authentication.logout.LogoutFilter.doFilter(LogoutFilter.java:103)
	at org.springframework.security.web.authentication.logout.LogoutFilter.doFilter(LogoutFilter.java:89)
	at org.springframework.security.web.FilterChainProxy$VirtualFilterChain.doFilter(FilterChainProxy.java:346)
	at org.springframework.security.web.header.HeaderWriterFilter.doHeadersAfter(HeaderWriterFilter.java:90)
	at org.springframework.security.web.header.HeaderWriterFilter.doFilterInternal(HeaderWriterFilter.java:75)
	at org.springframework.web.filter.OncePerRequestFilter.doFilter(OncePerRequestFilter.java:117)
	at org.springframework.security.web.FilterChainProxy$VirtualFilterChain.doFilter(FilterChainProxy.java:346)
	at org.springframework.security.web.context.SecurityContextPersistenceFilter.doFilter(SecurityContextPersistenceFilter.java:112)
	at org.springframework.security.web.context.SecurityContextPersistenceFilter.doFilter(SecurityContextPersistenceFilter.java:82)
	at org.springframework.security.web.FilterChainProxy$VirtualFilterChain.doFilter(FilterChainProxy.java:346)
	at org.springframework.security.web.context.request.async.WebAsyncManagerIntegrationFilter.doFilterInternal(WebAsyncManagerIntegrationFilter.java:55)
	at org.springframework.web.filter.OncePerRequestFilter.doFilter(OncePerRequestFilter.java:117)
	at org.springframework.security.web.FilterChainProxy$VirtualFilterChain.doFilter(FilterChainProxy.java:346)
	at org.springframework.security.web.session.DisableEncodeUrlFilter.doFilterInternal(DisableEncodeUrlFilter.java:42)
	at org.springframework.web.filter.OncePerRequestFilter.doFilter(OncePerRequestFilter.java:117)
	at org.springframework.security.web.FilterChainProxy$VirtualFilterChain.doFilter(FilterChainProxy.java:346)
	at org.springframework.security.web.FilterChainProxy.doFilterInternal(FilterChainProxy.java:221)
	at org.springframework.security.web.FilterChainProxy.doFilter(FilterChainProxy.java:186)
	at org.springframework.web.filter.DelegatingFilterProxy.invokeDelegate(DelegatingFilterProxy.java:354)
	at org.springframework.web.filter.DelegatingFilterProxy.doFilter(DelegatingFilterProxy.java:267)
	at io.undertow.servlet.core.ManagedFilter.doFilter(ManagedFilter.java:67)
	at io.undertow.servlet.handlers.FilterHandler$FilterChainImpl.doFilter(FilterHandler.java:131)
	at org.springframework.web.filter.RequestContextFilter.doFilterInternal(RequestContextFilter.java:100)
	at org.springframework.web.filter.OncePerRequestFilter.doFilter(OncePerRequestFilter.java:117)
	at io.undertow.servlet.core.ManagedFilter.doFilter(ManagedFilter.java:67)
	at io.undertow.servlet.handlers.FilterHandler$FilterChainImpl.doFilter(FilterHandler.java:131)
	at org.springframework.web.filter.FormContentFilter.doFilterInternal(FormContentFilter.java:93)
	at org.springframework.web.filter.OncePerRequestFilter.doFilter(OncePerRequestFilter.java:117)
	at io.undertow.servlet.core.ManagedFilter.doFilter(ManagedFilter.java:67)
	at io.undertow.servlet.handlers.FilterHandler$FilterChainImpl.doFilter(FilterHandler.java:131)
	at org.springframework.boot.actuate.metrics.web.servlet.WebMvcMetricsFilter.doFilterInternal(WebMvcMetricsFilter.java:96)
	at org.springframework.web.filter.OncePerRequestFilter.doFilter(OncePerRequestFilter.java:117)
	at io.undertow.servlet.core.ManagedFilter.doFilter(ManagedFilter.java:67)
	at io.undertow.servlet.handlers.FilterHandler$FilterChainImpl.doFilter(FilterHandler.java:131)
	at org.springframework.web.filter.CharacterEncodingFilter.doFilterInternal(CharacterEncodingFilter.java:201)
	at org.springframework.web.filter.OncePerRequestFilter.doFilter(OncePerRequestFilter.java:117)
	at io.undertow.servlet.core.ManagedFilter.doFilter(ManagedFilter.java:67)
	at io.undertow.servlet.handlers.FilterHandler$FilterChainImpl.doFilter(FilterHandler.java:131)
	at io.undertow.servlet.handlers.FilterHandler.handleRequest(FilterHandler.java:84)
	at io.undertow.servlet.handlers.security.ServletSecurityRoleHandler.handleRequest(ServletSecurityRoleHandler.java:62)
	at io.undertow.servlet.handlers.ServletChain$1.handleRequest(ServletChain.java:68)
	at io.undertow.servlet.handlers.ServletDispatchingHandler.handleRequest(ServletDispatchingHandler.java:36)
	at io.undertow.servlet.handlers.RedirectDirHandler.handleRequest(RedirectDirHandler.java:68)
	at io.undertow.servlet.handlers.security.SSLInformationAssociationHandler.handleRequest(SSLInformationAssociationHandler.java:117)
	at io.undertow.servlet.handlers.security.ServletAuthenticationCallHandler.handleRequest(ServletAuthenticationCallHandler.java:57)
	at io.undertow.server.handlers.PredicateHandler.handleRequest(PredicateHandler.java:43)
	at io.undertow.security.handlers.AbstractConfidentialityHandler.handleRequest(AbstractConfidentialityHandler.java:46)
	at io.undertow.servlet.handlers.security.ServletConfidentialityConstraintHandler.handleRequest(ServletConfidentialityConstraintHandler.java:64)
	at io.undertow.security.handlers.AuthenticationMechanismsHandler.handleRequest(AuthenticationMechanismsHandler.java:60)
	at io.undertow.servlet.handlers.security.CachedAuthenticatedSessionHandler.handleRequest(CachedAuthenticatedSessionHandler.java:77)
	at io.undertow.security.handlers.AbstractSecurityContextAssociationHandler.handleRequest(AbstractSecurityContextAssociationHandler.java:43)
	at io.undertow.server.handlers.PredicateHandler.handleRequest(PredicateHandler.java:43)
	at io.undertow.servlet.handlers.SendErrorPageHandler.handleRequest(SendErrorPageHandler.java:52)
	at io.undertow.server.handlers.PredicateHandler.handleRequest(PredicateHandler.java:43)
	at io.undertow.servlet.handlers.ServletInitialHandler.handleFirstRequest(ServletInitialHandler.java:275)
	at io.undertow.servlet.handlers.ServletInitialHandler.access$100(ServletInitialHandler.java:79)
	at io.undertow.servlet.handlers.ServletInitialHandler$2.call(ServletInitialHandler.java:134)
	at io.undertow.servlet.handlers.ServletInitialHandler$2.call(ServletInitialHandler.java:131)
	at io.undertow.servlet.core.ServletRequestContextThreadSetupAction$1.call(ServletRequestContextThreadSetupAction.java:48)
	at io.undertow.servlet.core.ContextClassLoaderSetupAction$1.call(ContextClassLoaderSetupAction.java:43)
	at io.undertow.servlet.handlers.ServletInitialHandler.dispatchRequest(ServletInitialHandler.java:255)
	at io.undertow.servlet.handlers.ServletInitialHandler.access$000(ServletInitialHandler.java:79)
	at io.undertow.servlet.handlers.ServletInitialHandler$1.handleRequest(ServletInitialHandler.java:100)
	at io.undertow.server.Connectors.executeRootHandler(Connectors.java:393)
	at io.undertow.server.HttpServerExchange$1.run(HttpServerExchange.java:852)
	at org.jboss.threads.ContextClassLoaderSavingRunnable.run(ContextClassLoaderSavingRunnable.java:35)
	at org.jboss.threads.EnhancedQueueExecutor.safeRun(EnhancedQueueExecutor.java:2019)
	at org.jboss.threads.EnhancedQueueExecutor$ThreadBody.doRunTask(EnhancedQueueExecutor.java:1558)
	at org.jboss.threads.EnhancedQueueExecutor$ThreadBody.run(EnhancedQueueExecutor.java:1449)
	at org.xnio.XnioWorker$WorkerThreadFactory$1$1.run(XnioWorker.java:1282)
	at java.lang.Thread.run(Thread.java:750)
Caused by: java.sql.SQLSyntaxErrorException: You have an error in your SQL syntax; check the manual that corresponds to your MySQL server version for the right syntax to use near '' at line 1
	at com.mysql.cj.jdbc.exceptions.SQLError.createSQLException(SQLError.java:120)
	at com.mysql.cj.jdbc.exceptions.SQLExceptionsMapping.translateException(SQLExceptionsMapping.java:122)
	at com.mysql.cj.jdbc.ClientPreparedStatement.executeInternal(ClientPreparedStatement.java:916)
	at com.mysql.cj.jdbc.ClientPreparedStatement.execute(ClientPreparedStatement.java:354)
	at com.zaxxer.hikari.pool.ProxyPreparedStatement.execute(ProxyPreparedStatement.java:44)
	at com.zaxxer.hikari.pool.HikariProxyPreparedStatement.execute(HikariProxyPreparedStatement.java)
	at sun.reflect.NativeMethodAccessorImpl.invoke0(Native Method)
	at sun.reflect.NativeMethodAccessorImpl.invoke(NativeMethodAccessorImpl.java:62)
	at sun.reflect.DelegatingMethodAccessorImpl.invoke(DelegatingMethodAccessorImpl.java:43)
	at java.lang.reflect.Method.invoke(Method.java:498)
	at org.apache.ibatis.logging.jdbc.PreparedStatementLogger.invoke(PreparedStatementLogger.java:59)
	at com.sun.proxy.$Proxy183.execute(Unknown Source)
	at org.apache.ibatis.executor.statement.PreparedStatementHandler.query(PreparedStatementHandler.java:64)
	at org.apache.ibatis.executor.statement.RoutingStatementHandler.query(RoutingStatementHandler.java:79)
	at sun.reflect.NativeMethodAccessorImpl.invoke0(Native Method)
	at sun.reflect.NativeMethodAccessorImpl.invoke(NativeMethodAccessorImpl.java:62)
	at sun.reflect.DelegatingMethodAccessorImpl.invoke(DelegatingMethodAccessorImpl.java:43)
	at java.lang.reflect.Method.invoke(Method.java:498)
	at org.apache.ibatis.plugin.Plugin.invoke(Plugin.java:63)
	at com.sun.proxy.$Proxy182.query(Unknown Source)
	at com.baomidou.mybatisplus.core.executor.MybatisSimpleExecutor.doQuery(MybatisSimpleExecutor.java:69)
	at org.apache.ibatis.executor.BaseExecutor.queryFromDatabase(BaseExecutor.java:325)
	at org.apache.ibatis.executor.BaseExecutor.query(BaseExecutor.java:156)
	at com.baomidou.mybatisplus.core.executor.MybatisCachingExecutor.query(MybatisCachingExecutor.java:165)
	at com.baomidou.mybatisplus.extension.plugins.MybatisPlusInterceptor.intercept(MybatisPlusInterceptor.java:65)
	at org.apache.ibatis.plugin.Plugin.invoke(Plugin.java:61)
	at com.sun.proxy.$Proxy181.query(Unknown Source)
	at org.apache.ibatis.session.defaults.DefaultSqlSession.selectList(DefaultSqlSession.java:147)
	at org.apache.ibatis.session.defaults.DefaultSqlSession.selectList(DefaultSqlSession.java:140)
	at org.apache.ibatis.session.defaults.DefaultSqlSession.selectOne(DefaultSqlSession.java:76)
	at sun.reflect.NativeMethodAccessorImpl.invoke0(Native Method)
	at sun.reflect.NativeMethodAccessorImpl.invoke(NativeMethodAccessorImpl.java:62)
	at sun.reflect.DelegatingMethodAccessorImpl.invoke(DelegatingMethodAccessorImpl.java:43)
	at java.lang.reflect.Method.invoke(Method.java:498)
	at org.mybatis.spring.SqlSessionTemplate$SqlSessionInterceptor.invoke(SqlSessionTemplate.java:433)
	... 94 common frames omitted
2023-12-14 20:43:35,609 INFO [SpringApplicationShutdownHook] io.undertow [Undertow.java : 259] stopping server: Undertow - 2.2.23.Final
2023-12-14 20:43:35,616 INFO [SpringApplicationShutdownHook] io.undertow.servlet [ServletContextImpl.java : 388] Destroying Spring FrameworkServlet 'dispatcherServlet'
2023-12-14 20:43:35,625 INFO [SpringApplicationShutdownHook] com.zaxxer.hikari.HikariDataSource [HikariDataSource.java : 350] HikariPool-1 - Shutdown initiated...
2023-12-14 20:43:35,632 INFO [SpringApplicationShutdownHook] com.zaxxer.hikari.HikariDataSource [HikariDataSource.java : 352] HikariPool-1 - Shutdown completed.
2023-12-14 20:43:56,494 INFO [main] c.s.ms.application.Application [StartupInfoLogger.java : 55] Starting Application using Java 1.8.0_391 on MacBook-Air with PID 3413 (/Users/dhtian/Downloads/ms2/ms2/server/target/classes started by dhtian in /Users/dhtian/Downloads/ms2/ms2/server)
2023-12-14 20:43:56,496 INFO [main] c.s.ms.application.Application [SpringApplication.java : 637] The following 1 profile is active: "dev"
2023-12-14 20:43:56,953 INFO [main] o.s.cloud.context.scope.GenericScope [GenericScope.java : 283] BeanFactory id=353552ac-c9f8-3ee5-9182-87958a0dc902
2023-12-14 20:43:57,174 WARN [main] io.undertow.websockets.jsr [Bootstrap.java : 68] UT026010: Buffer pool was not set on WebSocketDeploymentInfo, the default pool will be used
2023-12-14 20:43:57,182 INFO [main] io.undertow.servlet [ServletContextImpl.java : 388] Initializing Spring embedded WebApplicationContext
2023-12-14 20:43:57,182 INFO [main] o.s.b.w.s.c.ServletWebServerApplicationContext [ServletWebServerApplicationContext.java : 292] Root WebApplicationContext: initialization completed in 668 ms
2023-12-14 20:43:57,707 INFO [main] o.s.s.web.DefaultSecurityFilterChain [DefaultSecurityFilterChain.java : 55] Will secure any request with [org.springframework.security.web.session.DisableEncodeUrlFilter@5e593b08, org.springframework.security.web.context.request.async.WebAsyncManagerIntegrationFilter@3946075, org.springframework.security.web.context.SecurityContextPersistenceFilter@fd413fb, org.springframework.security.web.header.HeaderWriterFilter@7c40ffef, org.springframework.security.web.authentication.logout.LogoutFilter@1eb9a3ef, com.sinosoft.ms.application.security.filter.AuthFilter@122635ef, com.sinosoft.ms.application.security.filter.JwtFilter@2ac519dc, org.springframework.security.web.savedrequest.RequestCacheAwareFilter@6f6efa4f, org.springframework.security.web.servletapi.SecurityContextHolderAwareRequestFilter@7730ef88, org.springframework.security.web.authentication.AnonymousAuthenticationFilter@3d53e6f7, org.springframework.security.web.session.SessionManagementFilter@64aeaf29, org.springframework.security.web.access.ExceptionTranslationFilter@23ad71bf, org.springframework.security.web.access.intercept.FilterSecurityInterceptor@5ad6cc21]
2023-12-14 20:43:58,092 INFO [main] o.s.b.a.e.web.EndpointLinksResolver [EndpointLinksResolver.java : 58] Exposing 1 endpoint(s) beneath base path '/actuator'
2023-12-14 20:43:58,146 INFO [main] io.undertow [Undertow.java : 120] starting server: Undertow - 2.2.23.Final
2023-12-14 20:43:58,149 INFO [main] org.xnio [Xnio.java : 95] XNIO version 3.8.7.Final
2023-12-14 20:43:58,151 INFO [main] org.xnio.nio [NioXnio.java : 58] XNIO NIO Implementation Version 3.8.7.Final
2023-12-14 20:43:58,164 INFO [main] org.jboss.threads [Version.java : 52] JBoss Threads version 3.1.0.Final
2023-12-14 20:43:58,185 INFO [main] o.s.b.w.e.undertow.UndertowWebServer [UndertowWebServer.java : 119] Undertow started on port(s) 8081 (http) with context path '/ms'
2023-12-14 20:43:58,195 INFO [main] c.s.ms.application.Application [StartupInfoLogger.java : 61] Started Application in 1.892 seconds (JVM running for 2.237)
2023-12-14 20:43:58,680 INFO [RMI TCP Connection(3)-192.168.31.126] io.undertow.servlet [ServletContextImpl.java : 388] Initializing Spring DispatcherServlet 'dispatcherServlet'
2023-12-14 20:43:58,681 INFO [RMI TCP Connection(3)-192.168.31.126] o.s.web.servlet.DispatcherServlet [FrameworkServlet.java : 525] Initializing Servlet 'dispatcherServlet'
2023-12-14 20:43:58,681 INFO [RMI TCP Connection(2)-192.168.31.126] com.zaxxer.hikari.HikariDataSource [HikariDataSource.java : 110] HikariPool-1 - Starting...
2023-12-14 20:43:58,682 INFO [RMI TCP Connection(3)-192.168.31.126] o.s.web.servlet.DispatcherServlet [FrameworkServlet.java : 547] Completed initialization in 1 ms
2023-12-14 20:43:58,682 WARN [RMI TCP Connection(2)-192.168.31.126] c.z.hikari.util.DriverDataSource [DriverDataSource.java : 70] Registered driver with driverClassName=com.mysql.jdbc.Driver was not found, trying direct instantiation.
2023-12-14 20:43:58,774 INFO [RMI TCP Connection(2)-192.168.31.126] com.zaxxer.hikari.HikariDataSource [HikariDataSource.java : 123] HikariPool-1 - Start completed.
2023-12-14 20:44:21,808 ERROR [XNIO-1 task-1] io.undertow.request [LoggingExceptionHandler.java : 80] UT005023: Exception handling request to /ms/login
org.springframework.jdbc.BadSqlGrammarException: 
### Error querying database.  Cause: java.sql.SQLSyntaxErrorException: You have an error in your SQL syntax; check the manual that corresponds to your MySQL server version for the right syntax to use near '' at line 1
### The error may exist in com/sinosoft/ms/application/dao/UserMapper.java (best guess)
### The error may involve com.sinosoft.ms.application.dao.UserMapper.selectByJobNum-Inline
### The error occurred while setting parameters
### SQL: select * from `user` where job_num = #{jobNum and deleted != 1
### Cause: java.sql.SQLSyntaxErrorException: You have an error in your SQL syntax; check the manual that corresponds to your MySQL server version for the right syntax to use near '' at line 1
; bad SQL grammar []; nested exception is java.sql.SQLSyntaxErrorException: You have an error in your SQL syntax; check the manual that corresponds to your MySQL server version for the right syntax to use near '' at line 1
	at org.springframework.jdbc.support.SQLErrorCodeSQLExceptionTranslator.doTranslate(SQLErrorCodeSQLExceptionTranslator.java:239)
	at org.springframework.jdbc.support.AbstractFallbackSQLExceptionTranslator.translate(AbstractFallbackSQLExceptionTranslator.java:70)
	at org.mybatis.spring.MyBatisExceptionTranslator.translateExceptionIfPossible(MyBatisExceptionTranslator.java:73)
	at org.mybatis.spring.SqlSessionTemplate$SqlSessionInterceptor.invoke(SqlSessionTemplate.java:446)
	at com.sun.proxy.$Proxy105.selectOne(Unknown Source)
	at org.mybatis.spring.SqlSessionTemplate.selectOne(SqlSessionTemplate.java:166)
	at com.baomidou.mybatisplus.core.override.MybatisMapperMethod.execute(MybatisMapperMethod.java:90)
	at com.baomidou.mybatisplus.core.override.MybatisMapperProxy$PlainMethodInvoker.invoke(MybatisMapperProxy.java:148)
	at com.baomidou.mybatisplus.core.override.MybatisMapperProxy.invoke(MybatisMapperProxy.java:89)
	at com.sun.proxy.$Proxy115.selectByJobNum(Unknown Source)
	at sun.reflect.NativeMethodAccessorImpl.invoke0(Native Method)
	at sun.reflect.NativeMethodAccessorImpl.invoke(NativeMethodAccessorImpl.java:62)
	at sun.reflect.DelegatingMethodAccessorImpl.invoke(DelegatingMethodAccessorImpl.java:43)
	at java.lang.reflect.Method.invoke(Method.java:498)
	at org.springframework.aop.support.AopUtils.invokeJoinpointUsingReflection(AopUtils.java:344)
	at org.springframework.aop.framework.ReflectiveMethodInvocation.invokeJoinpoint(ReflectiveMethodInvocation.java:198)
	at org.springframework.aop.framework.ReflectiveMethodInvocation.proceed(ReflectiveMethodInvocation.java:163)
	at org.springframework.dao.support.PersistenceExceptionTranslationInterceptor.invoke(PersistenceExceptionTranslationInterceptor.java:137)
	at org.springframework.aop.framework.ReflectiveMethodInvocation.proceed(ReflectiveMethodInvocation.java:186)
	at org.springframework.aop.framework.JdkDynamicAopProxy.invoke(JdkDynamicAopProxy.java:220)
	at com.sun.proxy.$Proxy116.selectByJobNum(Unknown Source)
	at com.sinosoft.ms.application.security.ValidateAuthenticationProvider.authenticate(ValidateAuthenticationProvider.java:34)
	at org.springframework.security.authentication.ProviderManager.authenticate(ProviderManager.java:182)
	at com.sinosoft.ms.application.security.filter.AuthFilter.attemptAuthentication(AuthFilter.java:63)
	at org.springframework.security.web.authentication.AbstractAuthenticationProcessingFilter.doFilter(AbstractAuthenticationProcessingFilter.java:227)
	at org.springframework.security.web.authentication.AbstractAuthenticationProcessingFilter.doFilter(AbstractAuthenticationProcessingFilter.java:217)
	at org.springframework.security.web.FilterChainProxy$VirtualFilterChain.doFilter(FilterChainProxy.java:346)
	at org.springframework.security.web.authentication.logout.LogoutFilter.doFilter(LogoutFilter.java:103)
	at org.springframework.security.web.authentication.logout.LogoutFilter.doFilter(LogoutFilter.java:89)
	at org.springframework.security.web.FilterChainProxy$VirtualFilterChain.doFilter(FilterChainProxy.java:346)
	at org.springframework.security.web.header.HeaderWriterFilter.doHeadersAfter(HeaderWriterFilter.java:90)
	at org.springframework.security.web.header.HeaderWriterFilter.doFilterInternal(HeaderWriterFilter.java:75)
	at org.springframework.web.filter.OncePerRequestFilter.doFilter(OncePerRequestFilter.java:117)
	at org.springframework.security.web.FilterChainProxy$VirtualFilterChain.doFilter(FilterChainProxy.java:346)
	at org.springframework.security.web.context.SecurityContextPersistenceFilter.doFilter(SecurityContextPersistenceFilter.java:112)
	at org.springframework.security.web.context.SecurityContextPersistenceFilter.doFilter(SecurityContextPersistenceFilter.java:82)
	at org.springframework.security.web.FilterChainProxy$VirtualFilterChain.doFilter(FilterChainProxy.java:346)
	at org.springframework.security.web.context.request.async.WebAsyncManagerIntegrationFilter.doFilterInternal(WebAsyncManagerIntegrationFilter.java:55)
	at org.springframework.web.filter.OncePerRequestFilter.doFilter(OncePerRequestFilter.java:117)
	at org.springframework.security.web.FilterChainProxy$VirtualFilterChain.doFilter(FilterChainProxy.java:346)
	at org.springframework.security.web.session.DisableEncodeUrlFilter.doFilterInternal(DisableEncodeUrlFilter.java:42)
	at org.springframework.web.filter.OncePerRequestFilter.doFilter(OncePerRequestFilter.java:117)
	at org.springframework.security.web.FilterChainProxy$VirtualFilterChain.doFilter(FilterChainProxy.java:346)
	at org.springframework.security.web.FilterChainProxy.doFilterInternal(FilterChainProxy.java:221)
	at org.springframework.security.web.FilterChainProxy.doFilter(FilterChainProxy.java:186)
	at org.springframework.web.filter.DelegatingFilterProxy.invokeDelegate(DelegatingFilterProxy.java:354)
	at org.springframework.web.filter.DelegatingFilterProxy.doFilter(DelegatingFilterProxy.java:267)
	at io.undertow.servlet.core.ManagedFilter.doFilter(ManagedFilter.java:67)
	at io.undertow.servlet.handlers.FilterHandler$FilterChainImpl.doFilter(FilterHandler.java:131)
	at org.springframework.web.filter.RequestContextFilter.doFilterInternal(RequestContextFilter.java:100)
	at org.springframework.web.filter.OncePerRequestFilter.doFilter(OncePerRequestFilter.java:117)
	at io.undertow.servlet.core.ManagedFilter.doFilter(ManagedFilter.java:67)
	at io.undertow.servlet.handlers.FilterHandler$FilterChainImpl.doFilter(FilterHandler.java:131)
	at org.springframework.web.filter.FormContentFilter.doFilterInternal(FormContentFilter.java:93)
	at org.springframework.web.filter.OncePerRequestFilter.doFilter(OncePerRequestFilter.java:117)
	at io.undertow.servlet.core.ManagedFilter.doFilter(ManagedFilter.java:67)
	at io.undertow.servlet.handlers.FilterHandler$FilterChainImpl.doFilter(FilterHandler.java:131)
	at org.springframework.boot.actuate.metrics.web.servlet.WebMvcMetricsFilter.doFilterInternal(WebMvcMetricsFilter.java:96)
	at org.springframework.web.filter.OncePerRequestFilter.doFilter(OncePerRequestFilter.java:117)
	at io.undertow.servlet.core.ManagedFilter.doFilter(ManagedFilter.java:67)
	at io.undertow.servlet.handlers.FilterHandler$FilterChainImpl.doFilter(FilterHandler.java:131)
	at org.springframework.web.filter.CharacterEncodingFilter.doFilterInternal(CharacterEncodingFilter.java:201)
	at org.springframework.web.filter.OncePerRequestFilter.doFilter(OncePerRequestFilter.java:117)
	at io.undertow.servlet.core.ManagedFilter.doFilter(ManagedFilter.java:67)
	at io.undertow.servlet.handlers.FilterHandler$FilterChainImpl.doFilter(FilterHandler.java:131)
	at io.undertow.servlet.handlers.FilterHandler.handleRequest(FilterHandler.java:84)
	at io.undertow.servlet.handlers.security.ServletSecurityRoleHandler.handleRequest(ServletSecurityRoleHandler.java:62)
	at io.undertow.servlet.handlers.ServletChain$1.handleRequest(ServletChain.java:68)
	at io.undertow.servlet.handlers.ServletDispatchingHandler.handleRequest(ServletDispatchingHandler.java:36)
	at io.undertow.servlet.handlers.RedirectDirHandler.handleRequest(RedirectDirHandler.java:68)
	at io.undertow.servlet.handlers.security.SSLInformationAssociationHandler.handleRequest(SSLInformationAssociationHandler.java:117)
	at io.undertow.servlet.handlers.security.ServletAuthenticationCallHandler.handleRequest(ServletAuthenticationCallHandler.java:57)
	at io.undertow.server.handlers.PredicateHandler.handleRequest(PredicateHandler.java:43)
	at io.undertow.security.handlers.AbstractConfidentialityHandler.handleRequest(AbstractConfidentialityHandler.java:46)
	at io.undertow.servlet.handlers.security.ServletConfidentialityConstraintHandler.handleRequest(ServletConfidentialityConstraintHandler.java:64)
	at io.undertow.security.handlers.AuthenticationMechanismsHandler.handleRequest(AuthenticationMechanismsHandler.java:60)
	at io.undertow.servlet.handlers.security.CachedAuthenticatedSessionHandler.handleRequest(CachedAuthenticatedSessionHandler.java:77)
	at io.undertow.security.handlers.AbstractSecurityContextAssociationHandler.handleRequest(AbstractSecurityContextAssociationHandler.java:43)
	at io.undertow.server.handlers.PredicateHandler.handleRequest(PredicateHandler.java:43)
	at io.undertow.servlet.handlers.SendErrorPageHandler.handleRequest(SendErrorPageHandler.java:52)
	at io.undertow.server.handlers.PredicateHandler.handleRequest(PredicateHandler.java:43)
	at io.undertow.servlet.handlers.ServletInitialHandler.handleFirstRequest(ServletInitialHandler.java:275)
	at io.undertow.servlet.handlers.ServletInitialHandler.access$100(ServletInitialHandler.java:79)
	at io.undertow.servlet.handlers.ServletInitialHandler$2.call(ServletInitialHandler.java:134)
	at io.undertow.servlet.handlers.ServletInitialHandler$2.call(ServletInitialHandler.java:131)
	at io.undertow.servlet.core.ServletRequestContextThreadSetupAction$1.call(ServletRequestContextThreadSetupAction.java:48)
	at io.undertow.servlet.core.ContextClassLoaderSetupAction$1.call(ContextClassLoaderSetupAction.java:43)
	at io.undertow.servlet.handlers.ServletInitialHandler.dispatchRequest(ServletInitialHandler.java:255)
	at io.undertow.servlet.handlers.ServletInitialHandler.access$000(ServletInitialHandler.java:79)
	at io.undertow.servlet.handlers.ServletInitialHandler$1.handleRequest(ServletInitialHandler.java:100)
	at io.undertow.server.Connectors.executeRootHandler(Connectors.java:393)
	at io.undertow.server.HttpServerExchange$1.run(HttpServerExchange.java:852)
	at org.jboss.threads.ContextClassLoaderSavingRunnable.run(ContextClassLoaderSavingRunnable.java:35)
	at org.jboss.threads.EnhancedQueueExecutor.safeRun(EnhancedQueueExecutor.java:2019)
	at org.jboss.threads.EnhancedQueueExecutor$ThreadBody.doRunTask(EnhancedQueueExecutor.java:1558)
	at org.jboss.threads.EnhancedQueueExecutor$ThreadBody.run(EnhancedQueueExecutor.java:1449)
	at org.xnio.XnioWorker$WorkerThreadFactory$1$1.run(XnioWorker.java:1282)
	at java.lang.Thread.run(Thread.java:750)
Caused by: java.sql.SQLSyntaxErrorException: You have an error in your SQL syntax; check the manual that corresponds to your MySQL server version for the right syntax to use near '' at line 1
	at com.mysql.cj.jdbc.exceptions.SQLError.createSQLException(SQLError.java:120)
	at com.mysql.cj.jdbc.exceptions.SQLExceptionsMapping.translateException(SQLExceptionsMapping.java:122)
	at com.mysql.cj.jdbc.ClientPreparedStatement.executeInternal(ClientPreparedStatement.java:916)
	at com.mysql.cj.jdbc.ClientPreparedStatement.execute(ClientPreparedStatement.java:354)
	at com.zaxxer.hikari.pool.ProxyPreparedStatement.execute(ProxyPreparedStatement.java:44)
	at com.zaxxer.hikari.pool.HikariProxyPreparedStatement.execute(HikariProxyPreparedStatement.java)
	at sun.reflect.NativeMethodAccessorImpl.invoke0(Native Method)
	at sun.reflect.NativeMethodAccessorImpl.invoke(NativeMethodAccessorImpl.java:62)
	at sun.reflect.DelegatingMethodAccessorImpl.invoke(DelegatingMethodAccessorImpl.java:43)
	at java.lang.reflect.Method.invoke(Method.java:498)
	at org.apache.ibatis.logging.jdbc.PreparedStatementLogger.invoke(PreparedStatementLogger.java:59)
	at com.sun.proxy.$Proxy183.execute(Unknown Source)
	at org.apache.ibatis.executor.statement.PreparedStatementHandler.query(PreparedStatementHandler.java:64)
	at org.apache.ibatis.executor.statement.RoutingStatementHandler.query(RoutingStatementHandler.java:79)
	at sun.reflect.NativeMethodAccessorImpl.invoke0(Native Method)
	at sun.reflect.NativeMethodAccessorImpl.invoke(NativeMethodAccessorImpl.java:62)
	at sun.reflect.DelegatingMethodAccessorImpl.invoke(DelegatingMethodAccessorImpl.java:43)
	at java.lang.reflect.Method.invoke(Method.java:498)
	at org.apache.ibatis.plugin.Plugin.invoke(Plugin.java:63)
	at com.sun.proxy.$Proxy182.query(Unknown Source)
	at com.baomidou.mybatisplus.core.executor.MybatisSimpleExecutor.doQuery(MybatisSimpleExecutor.java:69)
	at org.apache.ibatis.executor.BaseExecutor.queryFromDatabase(BaseExecutor.java:325)
	at org.apache.ibatis.executor.BaseExecutor.query(BaseExecutor.java:156)
	at com.baomidou.mybatisplus.core.executor.MybatisCachingExecutor.query(MybatisCachingExecutor.java:165)
	at com.baomidou.mybatisplus.extension.plugins.MybatisPlusInterceptor.intercept(MybatisPlusInterceptor.java:65)
	at org.apache.ibatis.plugin.Plugin.invoke(Plugin.java:61)
	at com.sun.proxy.$Proxy181.query(Unknown Source)
	at org.apache.ibatis.session.defaults.DefaultSqlSession.selectList(DefaultSqlSession.java:147)
	at org.apache.ibatis.session.defaults.DefaultSqlSession.selectList(DefaultSqlSession.java:140)
	at org.apache.ibatis.session.defaults.DefaultSqlSession.selectOne(DefaultSqlSession.java:76)
	at sun.reflect.NativeMethodAccessorImpl.invoke0(Native Method)
	at sun.reflect.NativeMethodAccessorImpl.invoke(NativeMethodAccessorImpl.java:62)
	at sun.reflect.DelegatingMethodAccessorImpl.invoke(DelegatingMethodAccessorImpl.java:43)
	at java.lang.reflect.Method.invoke(Method.java:498)
	at org.mybatis.spring.SqlSessionTemplate$SqlSessionInterceptor.invoke(SqlSessionTemplate.java:433)
	... 94 common frames omitted
2023-12-14 20:49:24,525 INFO [SpringApplicationShutdownHook] io.undertow [Undertow.java : 259] stopping server: Undertow - 2.2.23.Final
2023-12-14 20:49:24,533 INFO [SpringApplicationShutdownHook] io.undertow.servlet [ServletContextImpl.java : 388] Destroying Spring FrameworkServlet 'dispatcherServlet'
2023-12-14 20:49:24,540 INFO [SpringApplicationShutdownHook] com.zaxxer.hikari.HikariDataSource [HikariDataSource.java : 350] HikariPool-1 - Shutdown initiated...
2023-12-14 20:49:24,550 INFO [SpringApplicationShutdownHook] com.zaxxer.hikari.HikariDataSource [HikariDataSource.java : 352] HikariPool-1 - Shutdown completed.
2023-12-14 20:49:38,673 INFO [main] c.s.ms.application.Application [StartupInfoLogger.java : 55] Starting Application using Java 1.8.0_391 on MacBook-Air with PID 3504 (/Users/dhtian/Downloads/ms2/ms2/server/target/classes started by dhtian in /Users/dhtian/Downloads/ms2/ms2/server)
2023-12-14 20:49:38,674 INFO [main] c.s.ms.application.Application [SpringApplication.java : 637] The following 1 profile is active: "dev"
2023-12-14 20:49:39,152 INFO [main] o.s.cloud.context.scope.GenericScope [GenericScope.java : 283] BeanFactory id=353552ac-c9f8-3ee5-9182-87958a0dc902
2023-12-14 20:49:39,368 WARN [main] io.undertow.websockets.jsr [Bootstrap.java : 68] UT026010: Buffer pool was not set on WebSocketDeploymentInfo, the default pool will be used
2023-12-14 20:49:39,375 INFO [main] io.undertow.servlet [ServletContextImpl.java : 388] Initializing Spring embedded WebApplicationContext
2023-12-14 20:49:39,375 INFO [main] o.s.b.w.s.c.ServletWebServerApplicationContext [ServletWebServerApplicationContext.java : 292] Root WebApplicationContext: initialization completed in 681 ms
2023-12-14 20:49:39,911 INFO [main] o.s.s.web.DefaultSecurityFilterChain [DefaultSecurityFilterChain.java : 55] Will secure any request with [org.springframework.security.web.session.DisableEncodeUrlFilter@5e593b08, org.springframework.security.web.context.request.async.WebAsyncManagerIntegrationFilter@3946075, org.springframework.security.web.context.SecurityContextPersistenceFilter@fd413fb, org.springframework.security.web.header.HeaderWriterFilter@7c40ffef, org.springframework.security.web.authentication.logout.LogoutFilter@1eb9a3ef, com.sinosoft.ms.application.security.filter.AuthFilter@122635ef, com.sinosoft.ms.application.security.filter.JwtFilter@2ac519dc, org.springframework.security.web.savedrequest.RequestCacheAwareFilter@6f6efa4f, org.springframework.security.web.servletapi.SecurityContextHolderAwareRequestFilter@7730ef88, org.springframework.security.web.authentication.AnonymousAuthenticationFilter@3d53e6f7, org.springframework.security.web.session.SessionManagementFilter@64aeaf29, org.springframework.security.web.access.ExceptionTranslationFilter@23ad71bf, org.springframework.security.web.access.intercept.FilterSecurityInterceptor@5ad6cc21]
2023-12-14 20:49:40,293 INFO [main] o.s.b.a.e.web.EndpointLinksResolver [EndpointLinksResolver.java : 58] Exposing 1 endpoint(s) beneath base path '/actuator'
2023-12-14 20:49:40,347 INFO [main] io.undertow [Undertow.java : 120] starting server: Undertow - 2.2.23.Final
2023-12-14 20:49:40,350 INFO [main] org.xnio [Xnio.java : 95] XNIO version 3.8.7.Final
2023-12-14 20:49:40,352 INFO [main] org.xnio.nio [NioXnio.java : 58] XNIO NIO Implementation Version 3.8.7.Final
2023-12-14 20:49:40,365 INFO [main] org.jboss.threads [Version.java : 52] JBoss Threads version 3.1.0.Final
2023-12-14 20:49:40,385 INFO [main] o.s.b.w.e.undertow.UndertowWebServer [UndertowWebServer.java : 119] Undertow started on port(s) 8081 (http) with context path '/ms'
2023-12-14 20:49:40,396 INFO [main] c.s.ms.application.Application [StartupInfoLogger.java : 61] Started Application in 1.899 seconds (JVM running for 2.245)
2023-12-14 20:49:40,864 INFO [RMI TCP Connection(3)-192.168.31.126] io.undertow.servlet [ServletContextImpl.java : 388] Initializing Spring DispatcherServlet 'dispatcherServlet'
2023-12-14 20:49:40,864 INFO [RMI TCP Connection(3)-192.168.31.126] o.s.web.servlet.DispatcherServlet [FrameworkServlet.java : 525] Initializing Servlet 'dispatcherServlet'
2023-12-14 20:49:40,865 INFO [RMI TCP Connection(2)-192.168.31.126] com.zaxxer.hikari.HikariDataSource [HikariDataSource.java : 110] HikariPool-1 - Starting...
2023-12-14 20:49:40,866 INFO [RMI TCP Connection(3)-192.168.31.126] o.s.web.servlet.DispatcherServlet [FrameworkServlet.java : 547] Completed initialization in 1 ms
2023-12-14 20:49:40,866 WARN [RMI TCP Connection(2)-192.168.31.126] c.z.hikari.util.DriverDataSource [DriverDataSource.java : 70] Registered driver with driverClassName=com.mysql.jdbc.Driver was not found, trying direct instantiation.
2023-12-14 20:49:40,956 INFO [RMI TCP Connection(2)-192.168.31.126] com.zaxxer.hikari.HikariDataSource [HikariDataSource.java : 123] HikariPool-1 - Start completed.
2023-12-14 20:50:01,662 ERROR [XNIO-1 task-1] io.undertow.request [LoggingExceptionHandler.java : 80] UT005023: Exception handling request to /ms/login
org.springframework.jdbc.BadSqlGrammarException: 
### Error querying database.  Cause: java.sql.SQLSyntaxErrorException: Unknown column 'is_deleted' in 'where clause'
### The error may exist in com/sinosoft/ms/application/dao/UserMapper.java (best guess)
### The error may involve com.sinosoft.ms.application.dao.UserMapper.selectByJobNum-Inline
### The error occurred while setting parameters
### SQL: select * from user where job_num = ? and is_deleted = 0
### Cause: java.sql.SQLSyntaxErrorException: Unknown column 'is_deleted' in 'where clause'
; bad SQL grammar []; nested exception is java.sql.SQLSyntaxErrorException: Unknown column 'is_deleted' in 'where clause'
	at org.springframework.jdbc.support.SQLErrorCodeSQLExceptionTranslator.doTranslate(SQLErrorCodeSQLExceptionTranslator.java:239)
	at org.springframework.jdbc.support.AbstractFallbackSQLExceptionTranslator.translate(AbstractFallbackSQLExceptionTranslator.java:70)
	at org.mybatis.spring.MyBatisExceptionTranslator.translateExceptionIfPossible(MyBatisExceptionTranslator.java:73)
	at org.mybatis.spring.SqlSessionTemplate$SqlSessionInterceptor.invoke(SqlSessionTemplate.java:446)
	at com.sun.proxy.$Proxy105.selectOne(Unknown Source)
	at org.mybatis.spring.SqlSessionTemplate.selectOne(SqlSessionTemplate.java:166)
	at com.baomidou.mybatisplus.core.override.MybatisMapperMethod.execute(MybatisMapperMethod.java:90)
	at com.baomidou.mybatisplus.core.override.MybatisMapperProxy$PlainMethodInvoker.invoke(MybatisMapperProxy.java:148)
	at com.baomidou.mybatisplus.core.override.MybatisMapperProxy.invoke(MybatisMapperProxy.java:89)
	at com.sun.proxy.$Proxy115.selectByJobNum(Unknown Source)
	at sun.reflect.NativeMethodAccessorImpl.invoke0(Native Method)
	at sun.reflect.NativeMethodAccessorImpl.invoke(NativeMethodAccessorImpl.java:62)
	at sun.reflect.DelegatingMethodAccessorImpl.invoke(DelegatingMethodAccessorImpl.java:43)
	at java.lang.reflect.Method.invoke(Method.java:498)
	at org.springframework.aop.support.AopUtils.invokeJoinpointUsingReflection(AopUtils.java:344)
	at org.springframework.aop.framework.ReflectiveMethodInvocation.invokeJoinpoint(ReflectiveMethodInvocation.java:198)
	at org.springframework.aop.framework.ReflectiveMethodInvocation.proceed(ReflectiveMethodInvocation.java:163)
	at org.springframework.dao.support.PersistenceExceptionTranslationInterceptor.invoke(PersistenceExceptionTranslationInterceptor.java:137)
	at org.springframework.aop.framework.ReflectiveMethodInvocation.proceed(ReflectiveMethodInvocation.java:186)
	at org.springframework.aop.framework.JdkDynamicAopProxy.invoke(JdkDynamicAopProxy.java:220)
	at com.sun.proxy.$Proxy116.selectByJobNum(Unknown Source)
	at com.sinosoft.ms.application.security.ValidateAuthenticationProvider.authenticate(ValidateAuthenticationProvider.java:34)
	at org.springframework.security.authentication.ProviderManager.authenticate(ProviderManager.java:182)
	at com.sinosoft.ms.application.security.filter.AuthFilter.attemptAuthentication(AuthFilter.java:63)
	at org.springframework.security.web.authentication.AbstractAuthenticationProcessingFilter.doFilter(AbstractAuthenticationProcessingFilter.java:227)
	at org.springframework.security.web.authentication.AbstractAuthenticationProcessingFilter.doFilter(AbstractAuthenticationProcessingFilter.java:217)
	at org.springframework.security.web.FilterChainProxy$VirtualFilterChain.doFilter(FilterChainProxy.java:346)
	at org.springframework.security.web.authentication.logout.LogoutFilter.doFilter(LogoutFilter.java:103)
	at org.springframework.security.web.authentication.logout.LogoutFilter.doFilter(LogoutFilter.java:89)
	at org.springframework.security.web.FilterChainProxy$VirtualFilterChain.doFilter(FilterChainProxy.java:346)
	at org.springframework.security.web.header.HeaderWriterFilter.doHeadersAfter(HeaderWriterFilter.java:90)
	at org.springframework.security.web.header.HeaderWriterFilter.doFilterInternal(HeaderWriterFilter.java:75)
	at org.springframework.web.filter.OncePerRequestFilter.doFilter(OncePerRequestFilter.java:117)
	at org.springframework.security.web.FilterChainProxy$VirtualFilterChain.doFilter(FilterChainProxy.java:346)
	at org.springframework.security.web.context.SecurityContextPersistenceFilter.doFilter(SecurityContextPersistenceFilter.java:112)
	at org.springframework.security.web.context.SecurityContextPersistenceFilter.doFilter(SecurityContextPersistenceFilter.java:82)
	at org.springframework.security.web.FilterChainProxy$VirtualFilterChain.doFilter(FilterChainProxy.java:346)
	at org.springframework.security.web.context.request.async.WebAsyncManagerIntegrationFilter.doFilterInternal(WebAsyncManagerIntegrationFilter.java:55)
	at org.springframework.web.filter.OncePerRequestFilter.doFilter(OncePerRequestFilter.java:117)
	at org.springframework.security.web.FilterChainProxy$VirtualFilterChain.doFilter(FilterChainProxy.java:346)
	at org.springframework.security.web.session.DisableEncodeUrlFilter.doFilterInternal(DisableEncodeUrlFilter.java:42)
	at org.springframework.web.filter.OncePerRequestFilter.doFilter(OncePerRequestFilter.java:117)
	at org.springframework.security.web.FilterChainProxy$VirtualFilterChain.doFilter(FilterChainProxy.java:346)
	at org.springframework.security.web.FilterChainProxy.doFilterInternal(FilterChainProxy.java:221)
	at org.springframework.security.web.FilterChainProxy.doFilter(FilterChainProxy.java:186)
	at org.springframework.web.filter.DelegatingFilterProxy.invokeDelegate(DelegatingFilterProxy.java:354)
	at org.springframework.web.filter.DelegatingFilterProxy.doFilter(DelegatingFilterProxy.java:267)
	at io.undertow.servlet.core.ManagedFilter.doFilter(ManagedFilter.java:67)
	at io.undertow.servlet.handlers.FilterHandler$FilterChainImpl.doFilter(FilterHandler.java:131)
	at org.springframework.web.filter.RequestContextFilter.doFilterInternal(RequestContextFilter.java:100)
	at org.springframework.web.filter.OncePerRequestFilter.doFilter(OncePerRequestFilter.java:117)
	at io.undertow.servlet.core.ManagedFilter.doFilter(ManagedFilter.java:67)
	at io.undertow.servlet.handlers.FilterHandler$FilterChainImpl.doFilter(FilterHandler.java:131)
	at org.springframework.web.filter.FormContentFilter.doFilterInternal(FormContentFilter.java:93)
	at org.springframework.web.filter.OncePerRequestFilter.doFilter(OncePerRequestFilter.java:117)
	at io.undertow.servlet.core.ManagedFilter.doFilter(ManagedFilter.java:67)
	at io.undertow.servlet.handlers.FilterHandler$FilterChainImpl.doFilter(FilterHandler.java:131)
	at org.springframework.boot.actuate.metrics.web.servlet.WebMvcMetricsFilter.doFilterInternal(WebMvcMetricsFilter.java:96)
	at org.springframework.web.filter.OncePerRequestFilter.doFilter(OncePerRequestFilter.java:117)
	at io.undertow.servlet.core.ManagedFilter.doFilter(ManagedFilter.java:67)
	at io.undertow.servlet.handlers.FilterHandler$FilterChainImpl.doFilter(FilterHandler.java:131)
	at org.springframework.web.filter.CharacterEncodingFilter.doFilterInternal(CharacterEncodingFilter.java:201)
	at org.springframework.web.filter.OncePerRequestFilter.doFilter(OncePerRequestFilter.java:117)
	at io.undertow.servlet.core.ManagedFilter.doFilter(ManagedFilter.java:67)
	at io.undertow.servlet.handlers.FilterHandler$FilterChainImpl.doFilter(FilterHandler.java:131)
	at io.undertow.servlet.handlers.FilterHandler.handleRequest(FilterHandler.java:84)
	at io.undertow.servlet.handlers.security.ServletSecurityRoleHandler.handleRequest(ServletSecurityRoleHandler.java:62)
	at io.undertow.servlet.handlers.ServletChain$1.handleRequest(ServletChain.java:68)
	at io.undertow.servlet.handlers.ServletDispatchingHandler.handleRequest(ServletDispatchingHandler.java:36)
	at io.undertow.servlet.handlers.RedirectDirHandler.handleRequest(RedirectDirHandler.java:68)
	at io.undertow.servlet.handlers.security.SSLInformationAssociationHandler.handleRequest(SSLInformationAssociationHandler.java:117)
	at io.undertow.servlet.handlers.security.ServletAuthenticationCallHandler.handleRequest(ServletAuthenticationCallHandler.java:57)
	at io.undertow.server.handlers.PredicateHandler.handleRequest(PredicateHandler.java:43)
	at io.undertow.security.handlers.AbstractConfidentialityHandler.handleRequest(AbstractConfidentialityHandler.java:46)
	at io.undertow.servlet.handlers.security.ServletConfidentialityConstraintHandler.handleRequest(ServletConfidentialityConstraintHandler.java:64)
	at io.undertow.security.handlers.AuthenticationMechanismsHandler.handleRequest(AuthenticationMechanismsHandler.java:60)
	at io.undertow.servlet.handlers.security.CachedAuthenticatedSessionHandler.handleRequest(CachedAuthenticatedSessionHandler.java:77)
	at io.undertow.security.handlers.AbstractSecurityContextAssociationHandler.handleRequest(AbstractSecurityContextAssociationHandler.java:43)
	at io.undertow.server.handlers.PredicateHandler.handleRequest(PredicateHandler.java:43)
	at io.undertow.servlet.handlers.SendErrorPageHandler.handleRequest(SendErrorPageHandler.java:52)
	at io.undertow.server.handlers.PredicateHandler.handleRequest(PredicateHandler.java:43)
	at io.undertow.servlet.handlers.ServletInitialHandler.handleFirstRequest(ServletInitialHandler.java:275)
	at io.undertow.servlet.handlers.ServletInitialHandler.access$100(ServletInitialHandler.java:79)
	at io.undertow.servlet.handlers.ServletInitialHandler$2.call(ServletInitialHandler.java:134)
	at io.undertow.servlet.handlers.ServletInitialHandler$2.call(ServletInitialHandler.java:131)
	at io.undertow.servlet.core.ServletRequestContextThreadSetupAction$1.call(ServletRequestContextThreadSetupAction.java:48)
	at io.undertow.servlet.core.ContextClassLoaderSetupAction$1.call(ContextClassLoaderSetupAction.java:43)
	at io.undertow.servlet.handlers.ServletInitialHandler.dispatchRequest(ServletInitialHandler.java:255)
	at io.undertow.servlet.handlers.ServletInitialHandler.access$000(ServletInitialHandler.java:79)
	at io.undertow.servlet.handlers.ServletInitialHandler$1.handleRequest(ServletInitialHandler.java:100)
	at io.undertow.server.Connectors.executeRootHandler(Connectors.java:393)
	at io.undertow.server.HttpServerExchange$1.run(HttpServerExchange.java:852)
	at org.jboss.threads.ContextClassLoaderSavingRunnable.run(ContextClassLoaderSavingRunnable.java:35)
	at org.jboss.threads.EnhancedQueueExecutor.safeRun(EnhancedQueueExecutor.java:2019)
	at org.jboss.threads.EnhancedQueueExecutor$ThreadBody.doRunTask(EnhancedQueueExecutor.java:1558)
	at org.jboss.threads.EnhancedQueueExecutor$ThreadBody.run(EnhancedQueueExecutor.java:1449)
	at org.xnio.XnioWorker$WorkerThreadFactory$1$1.run(XnioWorker.java:1282)
	at java.lang.Thread.run(Thread.java:750)
Caused by: java.sql.SQLSyntaxErrorException: Unknown column 'is_deleted' in 'where clause'
	at com.mysql.cj.jdbc.exceptions.SQLError.createSQLException(SQLError.java:120)
	at com.mysql.cj.jdbc.exceptions.SQLExceptionsMapping.translateException(SQLExceptionsMapping.java:122)
	at com.mysql.cj.jdbc.ClientPreparedStatement.executeInternal(ClientPreparedStatement.java:916)
	at com.mysql.cj.jdbc.ClientPreparedStatement.execute(ClientPreparedStatement.java:354)
	at com.zaxxer.hikari.pool.ProxyPreparedStatement.execute(ProxyPreparedStatement.java:44)
	at com.zaxxer.hikari.pool.HikariProxyPreparedStatement.execute(HikariProxyPreparedStatement.java)
	at sun.reflect.NativeMethodAccessorImpl.invoke0(Native Method)
	at sun.reflect.NativeMethodAccessorImpl.invoke(NativeMethodAccessorImpl.java:62)
	at sun.reflect.DelegatingMethodAccessorImpl.invoke(DelegatingMethodAccessorImpl.java:43)
	at java.lang.reflect.Method.invoke(Method.java:498)
	at org.apache.ibatis.logging.jdbc.PreparedStatementLogger.invoke(PreparedStatementLogger.java:59)
	at com.sun.proxy.$Proxy183.execute(Unknown Source)
	at org.apache.ibatis.executor.statement.PreparedStatementHandler.query(PreparedStatementHandler.java:64)
	at org.apache.ibatis.executor.statement.RoutingStatementHandler.query(RoutingStatementHandler.java:79)
	at sun.reflect.NativeMethodAccessorImpl.invoke0(Native Method)
	at sun.reflect.NativeMethodAccessorImpl.invoke(NativeMethodAccessorImpl.java:62)
	at sun.reflect.DelegatingMethodAccessorImpl.invoke(DelegatingMethodAccessorImpl.java:43)
	at java.lang.reflect.Method.invoke(Method.java:498)
	at org.apache.ibatis.plugin.Plugin.invoke(Plugin.java:63)
	at com.sun.proxy.$Proxy182.query(Unknown Source)
	at com.baomidou.mybatisplus.core.executor.MybatisSimpleExecutor.doQuery(MybatisSimpleExecutor.java:69)
	at org.apache.ibatis.executor.BaseExecutor.queryFromDatabase(BaseExecutor.java:325)
	at org.apache.ibatis.executor.BaseExecutor.query(BaseExecutor.java:156)
	at com.baomidou.mybatisplus.core.executor.MybatisCachingExecutor.query(MybatisCachingExecutor.java:165)
	at com.baomidou.mybatisplus.extension.plugins.MybatisPlusInterceptor.intercept(MybatisPlusInterceptor.java:65)
	at org.apache.ibatis.plugin.Plugin.invoke(Plugin.java:61)
	at com.sun.proxy.$Proxy181.query(Unknown Source)
	at org.apache.ibatis.session.defaults.DefaultSqlSession.selectList(DefaultSqlSession.java:147)
	at org.apache.ibatis.session.defaults.DefaultSqlSession.selectList(DefaultSqlSession.java:140)
	at org.apache.ibatis.session.defaults.DefaultSqlSession.selectOne(DefaultSqlSession.java:76)
	at sun.reflect.NativeMethodAccessorImpl.invoke0(Native Method)
	at sun.reflect.NativeMethodAccessorImpl.invoke(NativeMethodAccessorImpl.java:62)
	at sun.reflect.DelegatingMethodAccessorImpl.invoke(DelegatingMethodAccessorImpl.java:43)
	at java.lang.reflect.Method.invoke(Method.java:498)
	at org.mybatis.spring.SqlSessionTemplate$SqlSessionInterceptor.invoke(SqlSessionTemplate.java:433)
	... 94 common frames omitted
2023-12-14 20:52:51,322 INFO [SpringApplicationShutdownHook] io.undertow [Undertow.java : 259] stopping server: Undertow - 2.2.23.Final
2023-12-14 20:52:51,327 INFO [SpringApplicationShutdownHook] io.undertow.servlet [ServletContextImpl.java : 388] Destroying Spring FrameworkServlet 'dispatcherServlet'
2023-12-14 20:52:51,332 INFO [SpringApplicationShutdownHook] com.zaxxer.hikari.HikariDataSource [HikariDataSource.java : 350] HikariPool-1 - Shutdown initiated...
2023-12-14 20:52:51,337 INFO [SpringApplicationShutdownHook] com.zaxxer.hikari.HikariDataSource [HikariDataSource.java : 352] HikariPool-1 - Shutdown completed.
2023-12-14 20:52:57,540 INFO [main] c.s.ms.application.Application [StartupInfoLogger.java : 55] Starting Application using Java 1.8.0_391 on MacBook-Air with PID 3532 (/Users/dhtian/Downloads/ms2/ms2/server/target/classes started by dhtian in /Users/dhtian/Downloads/ms2/ms2/server)
2023-12-14 20:52:57,541 INFO [main] c.s.ms.application.Application [SpringApplication.java : 637] The following 1 profile is active: "dev"
2023-12-14 20:52:58,007 INFO [main] o.s.cloud.context.scope.GenericScope [GenericScope.java : 283] BeanFactory id=353552ac-c9f8-3ee5-9182-87958a0dc902
2023-12-14 20:52:58,198 WARN [main] io.undertow.websockets.jsr [Bootstrap.java : 68] UT026010: Buffer pool was not set on WebSocketDeploymentInfo, the default pool will be used
2023-12-14 20:52:58,204 INFO [main] io.undertow.servlet [ServletContextImpl.java : 388] Initializing Spring embedded WebApplicationContext
2023-12-14 20:52:58,205 INFO [main] o.s.b.w.s.c.ServletWebServerApplicationContext [ServletWebServerApplicationContext.java : 292] Root WebApplicationContext: initialization completed in 646 ms
2023-12-14 20:52:58,713 INFO [main] o.s.s.web.DefaultSecurityFilterChain [DefaultSecurityFilterChain.java : 55] Will secure any request with [org.springframework.security.web.session.DisableEncodeUrlFilter@5e593b08, org.springframework.security.web.context.request.async.WebAsyncManagerIntegrationFilter@3946075, org.springframework.security.web.context.SecurityContextPersistenceFilter@fd413fb, org.springframework.security.web.header.HeaderWriterFilter@7c40ffef, org.springframework.security.web.authentication.logout.LogoutFilter@1eb9a3ef, com.sinosoft.ms.application.security.filter.AuthFilter@122635ef, com.sinosoft.ms.application.security.filter.JwtFilter@2ac519dc, org.springframework.security.web.savedrequest.RequestCacheAwareFilter@6f6efa4f, org.springframework.security.web.servletapi.SecurityContextHolderAwareRequestFilter@7730ef88, org.springframework.security.web.authentication.AnonymousAuthenticationFilter@3d53e6f7, org.springframework.security.web.session.SessionManagementFilter@64aeaf29, org.springframework.security.web.access.ExceptionTranslationFilter@23ad71bf, org.springframework.security.web.access.intercept.FilterSecurityInterceptor@5ad6cc21]
2023-12-14 20:52:59,102 INFO [main] o.s.b.a.e.web.EndpointLinksResolver [EndpointLinksResolver.java : 58] Exposing 1 endpoint(s) beneath base path '/actuator'
2023-12-14 20:52:59,160 INFO [main] io.undertow [Undertow.java : 120] starting server: Undertow - 2.2.23.Final
2023-12-14 20:52:59,162 INFO [main] org.xnio [Xnio.java : 95] XNIO version 3.8.7.Final
2023-12-14 20:52:59,164 INFO [main] org.xnio.nio [NioXnio.java : 58] XNIO NIO Implementation Version 3.8.7.Final
2023-12-14 20:52:59,176 INFO [main] org.jboss.threads [Version.java : 52] JBoss Threads version 3.1.0.Final
2023-12-14 20:52:59,195 INFO [main] o.s.b.w.e.undertow.UndertowWebServer [UndertowWebServer.java : 119] Undertow started on port(s) 8081 (http) with context path '/ms'
2023-12-14 20:52:59,206 INFO [main] c.s.ms.application.Application [StartupInfoLogger.java : 61] Started Application in 1.849 seconds (JVM running for 2.131)
2023-12-14 20:52:59,247 INFO [RMI TCP Connection(3)-192.168.31.126] io.undertow.servlet [ServletContextImpl.java : 388] Initializing Spring DispatcherServlet 'dispatcherServlet'
2023-12-14 20:52:59,247 INFO [RMI TCP Connection(3)-192.168.31.126] o.s.web.servlet.DispatcherServlet [FrameworkServlet.java : 525] Initializing Servlet 'dispatcherServlet'
2023-12-14 20:52:59,248 INFO [RMI TCP Connection(3)-192.168.31.126] o.s.web.servlet.DispatcherServlet [FrameworkServlet.java : 547] Completed initialization in 1 ms
2023-12-14 20:52:59,248 INFO [RMI TCP Connection(2)-192.168.31.126] com.zaxxer.hikari.HikariDataSource [HikariDataSource.java : 110] HikariPool-1 - Starting...
2023-12-14 20:52:59,249 WARN [RMI TCP Connection(2)-192.168.31.126] c.z.hikari.util.DriverDataSource [DriverDataSource.java : 70] Registered driver with driverClassName=com.mysql.jdbc.Driver was not found, trying direct instantiation.
2023-12-14 20:52:59,304 INFO [RMI TCP Connection(2)-192.168.31.126] com.zaxxer.hikari.HikariDataSource [HikariDataSource.java : 123] HikariPool-1 - Start completed.
2023-12-14 20:53:08,827 INFO [XNIO-1 task-1] c.s.m.a.controller.HomeController [HomeController.java : 28] login
2023-12-14 20:56:16,162 INFO [SpringApplicationShutdownHook] io.undertow [Undertow.java : 259] stopping server: Undertow - 2.2.23.Final
2023-12-14 20:56:16,165 INFO [SpringApplicationShutdownHook] io.undertow.servlet [ServletContextImpl.java : 388] Destroying Spring FrameworkServlet 'dispatcherServlet'
2023-12-14 20:56:16,170 INFO [SpringApplicationShutdownHook] com.zaxxer.hikari.HikariDataSource [HikariDataSource.java : 350] HikariPool-1 - Shutdown initiated...
2023-12-14 20:56:16,174 INFO [SpringApplicationShutdownHook] com.zaxxer.hikari.HikariDataSource [HikariDataSource.java : 352] HikariPool-1 - Shutdown completed.
